+-----------------------------------------------------------------------------------------------------------------------------------------------------------------------+
| INFO: user singed up successfully:                                                                                                                                    |
| Name        ->   a                                                                                                                                                    |
| Email       ->                                                                                                                                                        |
| Password    ->   8lkefytq5ivswhu64301ak1a08jbg1a1ajkif1a91a1aff1ak1a08jbg01ak1a08jbg1a1ajkif01ak1a08jbg1a1ajkif1a951a1ad1a01ak1a08jbg1a1ajkifd1abe958bf01a9zd2scm86fw |
| Note        ->   EmailNoSend                                                                                                                                          |
| Time(Log)   ->   2025-04-12 22:57:55                                                                                                                                  |
+-----------------------------------------------------------------------------------------------------------------------------------------------------------------------+

+-------------------------------+
| ERR: User "a" already exists. |
+-------------------------------+

+-------------------------------+
| ERR: User "a" already exists. |
+-------------------------------+

+-------------------------------+
| ERR: User "a" already exists. |
+-------------------------------+

+----------------------------------------------------------------------------------------------------------------------------------------+
| INFO: user singed up successfully:                                                                                                     |
| Name        ->   aaa                                                                                                                   |
| Email       ->   asas@asas                                                                                                             |
| Password    ->   o7u2sptj01w34r5ed1ak1a08jbgcf1a01ak1a08jbg1ak1a08jbg1a93fcf5ff3381a1ak1a08jbge1ad01ak1a08jbg1a1ajkif7d3441abla19ghnvm |
| Note        ->   EmailNoSend                                                                                                           |
| Time(Log)   ->   2025-04-12 22:58:13                                                                                                   |
+----------------------------------------------------------------------------------------------------------------------------------------+

+-------------------------------------------------------------------------------------------------------------------------+
| INFO: user singed up successfully:                                                                                      |
| Name        ->                                                                                                          |
| Email       ->                                                                                                          |
| Password    ->   unfcearzj071wt28f581a9d1a1a1a1ak1a08jbgc91ae01ak1a08jbg1a1ajkif1ab9dd1ak1a08jbgc9d1a71a8c8b5e234rskhpd |
| Note        ->   EmailSend                                                                                              |
| Time(Log)   ->   2025-04-12 23:02:30                                                                                    |
+-------------------------------------------------------------------------------------------------------------------------+

+-------------------------------+
| ERR: User "a" already exists. |
+-------------------------------+

+---------------------------------------------------------------------------------------------------+
| INFO: user singed up successfully:                                                                |
| Name        ->   aasasasasasasas                                                                  |
| Email       ->                                                                                    |
| Password    ->   p4wnf8ha5d0yrbgm5f941ak1a08jbg747ec1a3e41ak1a08jbg5304c8b1af1a4e01ad541vsc9ez5kf |
| Note        ->   EmailNoSend                                                                      |
| Time(Log)   ->   2025-04-12 23:06:20                                                              |
+---------------------------------------------------------------------------------------------------+

